<?xml version="1.0"?><coverage lines-covered="324" lines-valid="992" line-rate="0.32661290322580644" branches-covered="0" branches-valid="0" branch-rate="0" complexity="0" version="1.9" timestamp="1738979363"><sources><source>/Users/jtorreggiani/organizer/work/open-source/lam</source></sources><packages><package name="docs" line-rate="0" branch-rate="0" complexity="0"><classes></classes></package><package name="src/machine" line-rate="0.6044776119402985" branch-rate="0" complexity="0"><classes><class name="arithmetic" filename="src/machine/arithmetic.rs" line-rate="0.7283950617283951" branch-rate="0" complexity="0"><methods/><lines><line number="26" hits="150093"/><line number="27" hits="150093"/><line number="28" hits="90057"/><line number="29" hits="0"/><line number="30" hits="0"/><line number="31" hits="0"/><line number="33" hits="0"/><line number="36" hits="60036"/><line number="37" hits="12"/><line number="38" hits="60024"/><line number="39" hits="0"/><line number="40" hits="0"/><line number="42" hits="0"/><line number="44" hits="0"/><line number="55" hits="9"/><line number="56" hits="18"/><line number="57" hits="9"/><line number="59" hits="0"/><line number="61" hits="9"/><line number="77" hits="9"/><line number="78" hits="9"/><line number="79" hits="9"/><line number="80" hits="165"/><line number="82" hits="30"/><line number="83" hits="9"/><line number="84" hits="3"/><line number="85" hits="6"/><line number="86" hits="0"/><line number="87" hits="3"/><line number="88" hits="3"/><line number="89" hits="24"/><line number="90" hits="24"/><line number="91" hits="87"/><line number="92" hits="24"/><line number="93" hits="24"/><line number="94" hits="24"/><line number="96" hits="15"/><line number="99" hits="48"/><line number="100" hits="24"/><line number="102" hits="0"/><line number="105" hits="9"/><line number="109" hits="12"/><line number="110" hits="24"/><line number="111" hits="21"/><line number="112" hits="12"/><line number="114" hits="9"/><line number="115" hits="9"/><line number="116" hits="9"/><line number="117" hits="9"/><line number="120" hits="0"/><line number="121" hits="0"/><line number="122" hits="0"/><line number="123" hits="0"/><line number="125" hits="3"/><line number="128" hits="12"/><line number="132" hits="21"/><line number="133" hits="42"/><line number="134" hits="27"/><line number="135" hits="18"/><line number="137" hits="6"/><line number="138" hits="6"/><line number="139" hits="6"/><line number="140" hits="6"/><line number="143" hits="0"/><line number="144" hits="0"/><line number="145" hits="0"/><line number="146" hits="0"/><line number="148" hits="12"/><line number="151" hits="21"/><line number="155" hits="30"/><line number="156" hits="30"/><line number="157" hits="0"/><line number="159" hits="30"/><line number="160" hits="24"/><line number="162" hits="6"/><line number="163" hits="3"/><line number="164" hits="0"/><line number="166" hits="3"/><line number="170" hits="6"/><line number="171" hits="3"/><line number="173" hits="0"/></lines></class><class name="core" filename="src/machine/core.rs" line-rate="0.49166666666666664" branch-rate="0" complexity="0"><methods/><lines><line number="52" hits="30078"/><line number="54" hits="30078"/><line number="57" hits="30078"/><line number="58" hits="30078"/><line number="59" hits="30078"/><line number="60" hits="30078"/><line number="61" hits="30078"/><line number="62" hits="30078"/><line number="63" hits="30078"/><line number="64" hits="30078"/><line number="66" hits="30078"/><line number="69" hits="30078"/><line number="70" hits="30078"/><line number="71" hits="30078"/><line number="72" hits="30078"/><line number="73" hits="30078"/><line number="74" hits="30078"/><line number="78" hits="30315"/><line number="79" hits="30315"/><line number="80" hits="0"/><line number="81" hits="0"/><line number="82" hits="0"/><line number="87" hits="3"/><line number="88" hits="3"/><line number="89" hits="0"/><line number="90" hits="0"/><line number="98" hits="0"/><line number="99" hits="0"/><line number="100" hits="0"/><line number="102" hits="0"/><line number="103" hits="0"/><line number="105" hits="0"/><line number="106" hits="0"/><line number="107" hits="0"/><line number="111" hits="6"/><line number="112" hits="6"/><line number="113" hits="6"/><line number="117" hits="21"/><line number="118" hits="21"/><line number="122" hits="300030021"/><line number="123" hits="300030021"/><line number="124" hits="300030021"/><line number="125" hits="300030021"/><line number="127" hits="300030021"/><line number="128" hits="300000009"/><line number="129" hits="300000009"/><line number="130" hits="300000003"/><line number="131" hits="300000003"/><line number="133" hits="6"/><line number="136" hits="0"/><line number="137" hits="0"/><line number="138" hits="0"/><line number="139" hits="0"/><line number="141" hits="0"/><line number="144" hits="12"/><line number="145" hits="12"/><line number="146" hits="12"/><line number="148" hits="0"/><line number="149" hits="0"/><line number="150" hits="0"/><line number="152" hits="30000"/><line number="153" hits="60000"/><line number="154" hits="0"/><line number="156" hits="300000000"/><line number="157" hits="300000000"/><line number="159" hits="30000"/><line number="161" hits="0"/><line number="166" hits="30318"/><line number="167" hits="60633"/><line number="168" hits="30321"/><line number="179" hits="30069"/><line number="180" hits="60354"/><line number="181" hits="30312"/><line number="182" hits="0"/><line number="183" hits="0"/><line number="185" hits="30312"/><line number="186" hits="30285"/><line number="187" hits="6"/><line number="188" hits="6"/><line number="189" hits="6"/><line number="191" hits="0"/><line number="194" hits="21"/><line number="197" hits="30042"/><line number="203" hits="0"/><line number="204" hits="0"/><line number="205" hits="0"/><line number="209" hits="0"/><line number="210" hits="0"/><line number="211" hits="0"/><line number="212" hits="0"/><line number="214" hits="0"/><line number="215" hits="0"/><line number="216" hits="0"/><line number="218" hits="0"/><line number="222" hits="0"/><line number="223" hits="0"/><line number="227" hits="0"/><line number="228" hits="0"/><line number="229" hits="0"/><line number="230" hits="0"/><line number="232" hits="0"/><line number="234" hits="0"/><line number="235" hits="0"/><line number="240" hits="0"/><line number="241" hits="0"/><line number="247" hits="0"/><line number="248" hits="0"/><line number="250" hits="0"/><line number="251" hits="0"/><line number="252" hits="0"/><line number="253" hits="0"/><line number="255" hits="0"/><line number="256" hits="0"/><line number="260" hits="0"/><line number="262" hits="0"/><line number="266" hits="0"/><line number="267" hits="0"/><line number="268" hits="0"/><line number="273" hits="3"/><line number="274" hits="3"/></lines></class><class name="execution" filename="src/machine/execution.rs" line-rate="0.5939086294416244" branch-rate="0" complexity="0"><methods/><lines><line number="14" hits="114"/><line number="15" hits="225"/><line number="19" hits="3"/><line number="23" hits="12"/><line number="24" hits="24"/><line number="29" hits="0"/><line number="33" hits="18"/><line number="34" hits="18"/><line number="35" hits="15"/><line number="36" hits="15"/><line number="37" hits="15"/><line number="38" hits="36"/><line number="40" hits="3"/><line number="41" hits="0"/><line number="45" hits="3"/><line number="46" hits="3"/><line number="47" hits="0"/><line number="49" hits="3"/><line number="50" hits="3"/><line number="53" hits="0"/><line number="54" hits="3"/><line number="55" hits="3"/><line number="56" hits="3"/><line number="58" hits="0"/><line number="59" hits="0"/><line number="63" hits="27"/><line number="64" hits="27"/><line number="66" hits="54"/><line number="68" hits="3"/><line number="70" hits="24"/><line number="71" hits="24"/><line number="72" hits="24"/><line number="73" hits="48"/><line number="87" hits="0"/><line number="91" hits="57"/><line number="92" hits="81"/><line number="95" hits="57"/><line number="98" hits="9"/><line number="100" hits="9"/><line number="101" hits="9"/><line number="102" hits="9"/><line number="103" hits="9"/><line number="104" hits="9"/><line number="105" hits="9"/><line number="106" hits="9"/><line number="108" hits="9"/><line number="109" hits="9"/><line number="112" hits="6"/><line number="113" hits="6"/><line number="114" hits="6"/><line number="117" hits="6"/><line number="118" hits="6"/><line number="119" hits="3"/><line number="121" hits="3"/><line number="125" hits="30003"/><line number="126" hits="60006"/><line number="127" hits="30003"/><line number="128" hits="30003"/><line number="129" hits="30003"/><line number="131" hits="0"/><line number="135" hits="9"/><line number="136" hits="18"/><line number="137" hits="9"/><line number="138" hits="9"/><line number="139" hits="9"/><line number="141" hits="0"/><line number="144" hits="0"/><line number="148" hits="6"/><line number="149" hits="12"/><line number="150" hits="12"/><line number="151" hits="6"/><line number="152" hits="0"/><line number="153" hits="0"/><line number="154" hits="0"/><line number="155" hits="0"/><line number="157" hits="6"/><line number="158" hits="6"/><line number="161" hits="0"/><line number="164" hits="0"/><line number="168" hits="9"/><line number="169" hits="15"/><line number="176" hits="6"/><line number="177" hits="6"/><line number="178" hits="0"/><line number="180" hits="0"/><line number="181" hits="0"/><line number="182" hits="0"/><line number="183" hits="0"/><line number="184" hits="0"/><line number="185" hits="0"/><line number="186" hits="0"/><line number="188" hits="0"/><line number="190" hits="6"/><line number="191" hits="6"/><line number="195" hits="3"/><line number="198" hits="6"/><line number="199" hits="18"/><line number="200" hits="3"/><line number="201" hits="6"/><line number="202" hits="3"/><line number="204" hits="0"/><line number="205" hits="0"/><line number="206" hits="0"/><line number="207" hits="0"/><line number="208" hits="0"/><line number="212" hits="3"/><line number="213" hits="0"/><line number="217" hits="6"/><line number="218" hits="9"/><line number="219" hits="6"/><line number="221" hits="9"/><line number="223" hits="3"/><line number="224" hits="3"/><line number="226" hits="3"/><line number="227" hits="3"/><line number="228" hits="6"/><line number="242" hits="0"/><line number="245" hits="0"/><line number="248" hits="0"/><line number="252" hits="0"/><line number="253" hits="0"/><line number="257" hits="0"/><line number="261" hits="0"/><line number="262" hits="0"/><line number="263" hits="0"/><line number="265" hits="0"/><line number="266" hits="0"/><line number="267" hits="0"/><line number="268" hits="0"/><line number="269" hits="0"/><line number="270" hits="0"/><line number="271" hits="0"/><line number="273" hits="0"/><line number="277" hits="0"/><line number="278" hits="0"/><line number="279" hits="0"/><line number="280" hits="0"/><line number="281" hits="0"/><line number="283" hits="0"/><line number="284" hits="0"/><line number="286" hits="0"/><line number="287" hits="0"/><line number="289" hits="0"/><line number="290" hits="0"/><line number="291" hits="0"/><line number="305" hits="0"/><line number="308" hits="0"/><line number="311" hits="0"/><line number="315" hits="3"/><line number="318" hits="3"/><line number="319" hits="0"/><line number="321" hits="3"/><line number="325" hits="0"/><line number="326" hits="0"/><line number="327" hits="6"/><line number="329" hits="0"/><line number="331" hits="3"/><line number="332" hits="3"/><line number="334" hits="3"/><line number="336" hits="0"/><line number="337" hits="0"/><line number="338" hits="0"/><line number="339" hits="0"/><line number="340" hits="0"/><line number="341" hits="0"/><line number="342" hits="0"/><line number="344" hits="0"/><line number="346" hits="3"/><line number="347" hits="3"/><line number="349" hits="0"/><line number="353" hits="9"/><line number="355" hits="9"/><line number="357" hits="15"/><line number="358" hits="12"/><line number="359" hits="6"/><line number="362" hits="9"/><line number="365" hits="3"/><line number="366" hits="6"/><line number="367" hits="6"/><line number="368" hits="3"/><line number="369" hits="3"/><line number="370" hits="3"/><line number="372" hits="0"/><line number="375" hits="0"/><line number="379" hits="3"/><line number="380" hits="3"/><line number="381" hits="9"/><line number="382" hits="3"/><line number="385" hits="6"/><line number="386" hits="6"/><line number="387" hits="30"/><line number="388" hits="12"/><line number="389" hits="0"/><line number="391" hits="12"/><line number="392" hits="12"/><line number="394" hits="12"/><line number="398" hits="0"/></lines></class><class name="instruction" filename="src/machine/instruction.rs" line-rate="0.8148148148148148" branch-rate="0" complexity="0"><methods/><lines><line number="41" hits="30315"/><line number="42" hits="30315"/><line number="43" hits="114"/><line number="44" hits="12"/><line number="45" hits="18"/><line number="46" hits="3"/><line number="47" hits="27"/><line number="48" hits="57"/><line number="49" hits="9"/><line number="50" hits="6"/><line number="51" hits="6"/><line number="52" hits="30003"/><line number="53" hits="9"/><line number="54" hits="6"/><line number="55" hits="9"/><line number="56" hits="6"/><line number="57" hits="6"/><line number="58" hits="0"/><line number="59" hits="3"/><line number="60" hits="9"/><line number="61" hits="3"/><line number="62" hits="3"/><line number="63" hits="6"/><line number="64" hits="0"/><line number="65" hits="0"/><line number="66" hits="0"/><line number="67" hits="0"/></lines></class><class name="lambda" filename="src/machine/lambda.rs" line-rate="0.6388888888888888" branch-rate="0" complexity="0"><methods/><lines><line number="8" hits="18"/><line number="9" hits="18"/><line number="10" hits="9"/><line number="11" hits="9"/><line number="12" hits="9"/><line number="13" hits="9"/><line number="15" hits="6"/><line number="16" hits="0"/><line number="17" hits="0"/><line number="18" hits="0"/><line number="19" hits="0"/><line number="22" hits="3"/><line number="23" hits="3"/><line number="24" hits="3"/><line number="25" hits="3"/><line number="27" hits="0"/><line number="28" hits="0"/><line number="29" hits="0"/><line number="30" hits="0"/><line number="32" hits="0"/><line number="33" hits="0"/><line number="34" hits="0"/><line number="35" hits="0"/><line number="36" hits="0"/><line number="39" hits="0"/><line number="40" hits="0"/><line number="41" hits="0"/><line number="46" hits="3"/><line number="47" hits="3"/><line number="48" hits="3"/><line number="49" hits="15"/><line number="50" hits="6"/><line number="52" hits="3"/><line number="56" hits="93"/><line number="57" hits="93"/><line number="58" hits="48"/><line number="59" hits="96"/><line number="61" hits="6"/><line number="62" hits="9"/><line number="63" hits="42"/><line number="65" hits="9"/><line number="66" hits="9"/><line number="67" hits="0"/><line number="69" hits="9"/><line number="70" hits="9"/><line number="71" hits="3"/><line number="72" hits="3"/><line number="73" hits="3"/><line number="75" hits="6"/><line number="79" hits="6"/><line number="80" hits="6"/><line number="82" hits="3"/><line number="83" hits="3"/><line number="84" hits="12"/><line number="86" hits="3"/><line number="87" hits="3"/><line number="88" hits="3"/><line number="93" hits="18"/><line number="94" hits="18"/><line number="95" hits="15"/><line number="96" hits="30"/><line number="97" hits="15"/><line number="99" hits="0"/><line number="102" hits="0"/><line number="103" hits="0"/><line number="104" hits="0"/><line number="105" hits="3"/><line number="106" hits="0"/><line number="107" hits="0"/><line number="108" hits="0"/><line number="109" hits="0"/><line number="110" hits="0"/></lines></class><class name="term" filename="src/machine/term.rs" line-rate="0" branch-rate="0" complexity="0"><methods/><lines><line number="34" hits="0"/><line number="35" hits="0"/><line number="36" hits="0"/><line number="37" hits="0"/><line number="38" hits="0"/><line number="39" hits="0"/><line number="40" hits="0"/><line number="41" hits="0"/><line number="42" hits="0"/><line number="43" hits="0"/><line number="45" hits="0"/><line number="47" hits="0"/></lines></class><class name="unification" filename="src/machine/unification.rs" line-rate="0.7777777777777778" branch-rate="0" complexity="0"><methods/><lines><line number="28" hits="30678"/><line number="30" hits="30678"/><line number="31" hits="30678"/><line number="42" hits="600061875"/><line number="43" hits="600061875"/><line number="44" hits="642"/><line number="46" hits="309"/><line number="50" hits="0"/><line number="51" hits="0"/><line number="52" hits="0"/><line number="54" hits="309"/><line number="56" hits="333"/><line number="59" hits="600061233"/><line number="64" hits="612"/><line number="65" hits="612"/><line number="67" hits="618"/><line number="69" hits="0"/><line number="73" hits="612"/><line number="74" hits="612"/><line number="75" hits="612"/><line number="76" hits="612"/><line number="80" hits="306"/><line number="81" hits="609"/><line number="82" hits="606"/><line number="83" hits="0"/><line number="84" hits="0"/><line number="86" hits="303"/></lines></class></classes></package><package name="src/languages/prolog" line-rate="0" branch-rate="0" complexity="0"><classes><class name="interpreter" filename="src/languages/prolog/interpreter.rs" line-rate="0" branch-rate="0" complexity="0"><methods/><lines><line number="16" hits="0"/><line number="17" hits="0"/><line number="18" hits="0"/><line number="19" hits="0"/><line number="20" hits="0"/><line number="21" hits="0"/><line number="22" hits="0"/><line number="23" hits="0"/><line number="26" hits="0"/><line number="27" hits="0"/><line number="28" hits="0"/><line number="31" hits="0"/><line number="34" hits="0"/><line number="35" hits="0"/><line number="36" hits="0"/><line number="38" hits="0"/><line number="39" hits="0"/><line number="40" hits="0"/><line number="41" hits="0"/><line number="45" hits="0"/><line number="46" hits="0"/><line number="50" hits="0"/><line number="51" hits="0"/><line number="52" hits="0"/><line number="53" hits="0"/><line number="54" hits="0"/><line number="55" hits="0"/><line number="56" hits="0"/><line number="57" hits="0"/><line number="58" hits="0"/><line number="60" hits="0"/><line number="63" hits="0"/><line number="64" hits="0"/><line number="65" hits="0"/><line number="66" hits="0"/><line number="67" hits="0"/><line number="68" hits="0"/><line number="70" hits="0"/><line number="77" hits="0"/><line number="78" hits="0"/><line number="80" hits="0"/><line number="81" hits="0"/><line number="82" hits="0"/><line number="87" hits="0"/><line number="89" hits="0"/><line number="90" hits="0"/><line number="92" hits="0"/><line number="93" hits="0"/><line number="95" hits="0"/><line number="96" hits="0"/><line number="97" hits="0"/><line number="99" hits="0"/><line number="100" hits="0"/><line number="102" hits="0"/><line number="105" hits="0"/><line number="112" hits="0"/><line number="113" hits="0"/><line number="114" hits="0"/><line number="116" hits="0"/><line number="117" hits="0"/><line number="119" hits="0"/><line number="120" hits="0"/><line number="121" hits="0"/><line number="124" hits="0"/><line number="125" hits="0"/><line number="126" hits="0"/><line number="127" hits="0"/><line number="129" hits="0"/><line number="136" hits="0"/><line number="137" hits="0"/><line number="139" hits="0"/><line number="141" hits="0"/><line number="142" hits="0"/><line number="144" hits="0"/><line number="145" hits="0"/><line number="151" hits="0"/><line number="158" hits="0"/><line number="159" hits="0"/><line number="160" hits="0"/><line number="162" hits="0"/><line number="164" hits="0"/><line number="165" hits="0"/><line number="166" hits="0"/><line number="167" hits="0"/><line number="168" hits="0"/><line number="169" hits="0"/><line number="172" hits="0"/><line number="173" hits="0"/><line number="174" hits="0"/><line number="178" hits="0"/><line number="179" hits="0"/><line number="180" hits="0"/><line number="181" hits="0"/><line number="182" hits="0"/><line number="183" hits="0"/><line number="184" hits="0"/><line number="185" hits="0"/><line number="187" hits="0"/><line number="188" hits="0"/><line number="189" hits="0"/><line number="190" hits="0"/><line number="193" hits="0"/><line number="196" hits="0"/><line number="197" hits="0"/><line number="198" hits="0"/><line number="199" hits="0"/><line number="200" hits="0"/><line number="201" hits="0"/><line number="203" hits="0"/><line number="204" hits="0"/><line number="205" hits="0"/><line number="206" hits="0"/><line number="207" hits="0"/><line number="208" hits="0"/><line number="209" hits="0"/><line number="210" hits="0"/><line number="211" hits="0"/><line number="213" hits="0"/><line number="214" hits="0"/><line number="215" hits="0"/><line number="216" hits="0"/><line number="217" hits="0"/><line number="218" hits="0"/><line number="221" hits="0"/><line number="222" hits="0"/><line number="224" hits="0"/><line number="225" hits="0"/></lines></class><class name="parser" filename="src/languages/prolog/parser.rs" line-rate="0" branch-rate="0" complexity="0"><methods/><lines><line number="13" hits="0"/><line number="18" hits="0"/><line number="19" hits="0"/><line number="20" hits="0"/><line number="21" hits="0"/><line number="23" hits="0"/><line number="29" hits="0"/><line number="30" hits="0"/><line number="34" hits="0"/><line number="35" hits="0"/><line number="36" hits="0"/><line number="37" hits="0"/><line number="38" hits="0"/><line number="39" hits="0"/><line number="41" hits="0"/><line number="44" hits="0"/><line number="45" hits="0"/><line number="47" hits="0"/><line number="52" hits="0"/><line number="53" hits="0"/><line number="54" hits="0"/><line number="55" hits="0"/><line number="56" hits="0"/><line number="57" hits="0"/><line number="58" hits="0"/><line number="59" hits="0"/><line number="61" hits="0"/><line number="63" hits="0"/><line number="67" hits="0"/><line number="68" hits="0"/><line number="69" hits="0"/><line number="70" hits="0"/><line number="71" hits="0"/><line number="72" hits="0"/><line number="74" hits="0"/><line number="77" hits="0"/><line number="78" hits="0"/><line number="82" hits="0"/><line number="83" hits="0"/><line number="84" hits="0"/><line number="85" hits="0"/><line number="86" hits="0"/><line number="87" hits="0"/><line number="88" hits="0"/><line number="89" hits="0"/><line number="90" hits="0"/><line number="91" hits="0"/><line number="92" hits="0"/><line number="93" hits="0"/><line number="94" hits="0"/><line number="95" hits="0"/><line number="96" hits="0"/><line number="98" hits="0"/><line number="100" hits="0"/><line number="101" hits="0"/><line number="102" hits="0"/><line number="104" hits="0"/><line number="107" hits="0"/><line number="110" hits="0"/><line number="112" hits="0"/><line number="113" hits="0"/><line number="114" hits="0"/><line number="115" hits="0"/><line number="117" hits="0"/><line number="122" hits="0"/><line number="123" hits="0"/><line number="124" hits="0"/><line number="125" hits="0"/><line number="126" hits="0"/><line number="127" hits="0"/><line number="128" hits="0"/><line number="129" hits="0"/><line number="130" hits="0"/><line number="132" hits="0"/><line number="135" hits="0"/><line number="139" hits="0"/><line number="140" hits="0"/><line number="141" hits="0"/><line number="142" hits="0"/><line number="143" hits="0"/><line number="144" hits="0"/><line number="145" hits="0"/><line number="146" hits="0"/><line number="147" hits="0"/><line number="149" hits="0"/><line number="150" hits="0"/><line number="152" hits="0"/><line number="154" hits="0"/><line number="158" hits="0"/><line number="159" hits="0"/><line number="160" hits="0"/><line number="161" hits="0"/><line number="162" hits="0"/><line number="164" hits="0"/><line number="173" hits="0"/><line number="174" hits="0"/><line number="175" hits="0"/><line number="176" hits="0"/><line number="177" hits="0"/><line number="178" hits="0"/><line number="179" hits="0"/><line number="180" hits="0"/><line number="182" hits="0"/><line number="183" hits="0"/><line number="184" hits="0"/><line number="185" hits="0"/><line number="186" hits="0"/><line number="187" hits="0"/><line number="188" hits="0"/><line number="190" hits="0"/><line number="191" hits="0"/><line number="197" hits="0"/><line number="198" hits="0"/><line number="199" hits="0"/><line number="200" hits="0"/><line number="201" hits="0"/><line number="202" hits="0"/><line number="204" hits="0"/><line number="205" hits="0"/><line number="206" hits="0"/><line number="207" hits="0"/><line number="208" hits="0"/><line number="209" hits="0"/><line number="211" hits="0"/><line number="214" hits="0"/><line number="218" hits="0"/><line number="219" hits="0"/><line number="220" hits="0"/><line number="221" hits="0"/><line number="222" hits="0"/><line number="223" hits="0"/><line number="225" hits="0"/><line number="227" hits="0"/><line number="228" hits="0"/><line number="229" hits="0"/><line number="231" hits="0"/><line number="233" hits="0"/><line number="234" hits="0"/><line number="236" hits="0"/><line number="240" hits="0"/><line number="241" hits="0"/><line number="242" hits="0"/><line number="243" hits="0"/><line number="245" hits="0"/><line number="250" hits="0"/><line number="251" hits="0"/><line number="252" hits="0"/><line number="253" hits="0"/></lines></class></classes></package><package name="tests" line-rate="0" branch-rate="0" complexity="0"><classes></classes></package><package name="tests/test_machine" line-rate="0" branch-rate="0" complexity="0"><classes></classes></package><package name="tests/test_languages" line-rate="0" branch-rate="0" complexity="0"><classes></classes></package><package name="src" line-rate="0.32661290322580644" branch-rate="0" complexity="0"><classes></classes></package><package name="benches" line-rate="0" branch-rate="0" complexity="0"><classes></classes></package><package name="src/languages" line-rate="0" branch-rate="0" complexity="0"><classes><class name="lam" filename="src/languages/lam.rs" line-rate="0" branch-rate="0" complexity="0"><methods/><lines><line number="23" hits="0"/><line number="24" hits="0"/><line number="25" hits="0"/><line number="26" hits="0"/><line number="27" hits="0"/><line number="28" hits="0"/><line number="29" hits="0"/><line number="30" hits="0"/><line number="31" hits="0"/><line number="33" hits="0"/><line number="34" hits="0"/><line number="35" hits="0"/><line number="36" hits="0"/><line number="39" hits="0"/><line number="40" hits="0"/><line number="44" hits="0"/><line number="45" hits="0"/><line number="47" hits="0"/><line number="51" hits="0"/><line number="52" hits="0"/><line number="53" hits="0"/><line number="54" hits="0"/><line number="55" hits="0"/><line number="56" hits="0"/><line number="59" hits="0"/><line number="60" hits="0"/><line number="61" hits="0"/><line number="64" hits="0"/><line number="65" hits="0"/><line number="66" hits="0"/><line number="67" hits="0"/><line number="69" hits="0"/><line number="70" hits="0"/><line number="74" hits="0"/><line number="75" hits="0"/><line number="76" hits="0"/><line number="78" hits="0"/><line number="79" hits="0"/><line number="83" hits="0"/><line number="84" hits="0"/><line number="85" hits="0"/><line number="87" hits="0"/><line number="88" hits="0"/><line number="89" hits="0"/><line number="90" hits="0"/><line number="93" hits="0"/><line number="94" hits="0"/><line number="95" hits="0"/><line number="97" hits="0"/><line number="98" hits="0"/><line number="99" hits="0"/><line number="100" hits="0"/><line number="104" hits="0"/><line number="105" hits="0"/><line number="106" hits="0"/><line number="108" hits="0"/><line number="109" hits="0"/><line number="110" hits="0"/><line number="111" hits="0"/><line number="114" hits="0"/><line number="115" hits="0"/><line number="116" hits="0"/><line number="118" hits="0"/><line number="119" hits="0"/><line number="120" hits="0"/><line number="121" hits="0"/><line number="125" hits="0"/><line number="128" hits="0"/><line number="129" hits="0"/><line number="130" hits="0"/><line number="131" hits="0"/><line number="133" hits="0"/><line number="134" hits="0"/><line number="136" hits="0"/><line number="137" hits="0"/><line number="140" hits="0"/><line number="141" hits="0"/><line number="143" hits="0"/><line number="144" hits="0"/><line number="145" hits="0"/><line number="147" hits="0"/><line number="148" hits="0"/><line number="151" hits="0"/><line number="152" hits="0"/><line number="153" hits="0"/><line number="155" hits="0"/><line number="156" hits="0"/><line number="159" hits="0"/><line number="160" hits="0"/><line number="162" hits="0"/><line number="163" hits="0"/><line number="165" hits="0"/><line number="166" hits="0"/><line number="167" hits="0"/><line number="169" hits="0"/><line number="170" hits="0"/><line number="172" hits="0"/><line number="173" hits="0"/><line number="176" hits="0"/><line number="177" hits="0"/><line number="178" hits="0"/><line number="180" hits="0"/><line number="181" hits="0"/><line number="182" hits="0"/><line number="183" hits="0"/><line number="186" hits="0"/><line number="187" hits="0"/><line number="188" hits="0"/><line number="190" hits="0"/><line number="191" hits="0"/><line number="192" hits="0"/><line number="193" hits="0"/><line number="196" hits="0"/><line number="197" hits="0"/><line number="198" hits="0"/><line number="200" hits="0"/><line number="201" hits="0"/><line number="203" hits="0"/><line number="204" hits="0"/><line number="207" hits="0"/><line number="208" hits="0"/><line number="209" hits="0"/><line number="211" hits="0"/><line number="212" hits="0"/><line number="213" hits="0"/><line number="216" hits="0"/><line number="217" hits="0"/><line number="218" hits="0"/><line number="220" hits="0"/><line number="221" hits="0"/><line number="222" hits="0"/><line number="223" hits="0"/><line number="224" hits="0"/><line number="227" hits="0"/><line number="229" hits="0"/><line number="230" hits="0"/><line number="231" hits="0"/><line number="233" hits="0"/><line number="234" hits="0"/><line number="236" hits="0"/><line number="237" hits="0"/><line number="238" hits="0"/><line number="240" hits="0"/><line number="241" hits="0"/><line number="242" hits="0"/><line number="245" hits="0"/><line number="246" hits="0"/><line number="247" hits="0"/><line number="249" hits="0"/><line number="250" hits="0"/><line number="251" hits="0"/><line number="254" hits="0"/><line number="255" hits="0"/><line number="257" hits="0"/><line number="258" hits="0"/><line number="259" hits="0"/><line number="261" hits="0"/><line number="262" hits="0"/><line number="265" hits="0"/><line number="266" hits="0"/><line number="267" hits="0"/><line number="270" hits="0"/><line number="272" hits="0"/><line number="273" hits="0"/><line number="275" hits="0"/><line number="276" hits="0"/><line number="280" hits="0"/><line number="283" hits="0"/><line number="285" hits="0"/><line number="287" hits="0"/><line number="288" hits="0"/><line number="289" hits="0"/><line number="290" hits="0"/><line number="292" hits="0"/><line number="293" hits="0"/><line number="294" hits="0"/><line number="296" hits="0"/><line number="299" hits="0"/><line number="300" hits="0"/><line number="302" hits="0"/><line number="303" hits="0"/></lines></class></classes></package></packages></coverage>